Performing C SOURCE FILE Test CMAKE_HAVE_LIBC_PTHREAD failed with the following output:
Change Dir: /home/joao/Desktop/FEUP/AEDA/TP10 - Disjoint Sets/build-dir/CMakeFiles/CMakeTmp

Run Build Command(s):/usr/bin/make cmTC_ac2af/fast && /usr/bin/make -f CMakeFiles/cmTC_ac2af.dir/build.make CMakeFiles/cmTC_ac2af.dir/build
make[1]: Entering directory '/home/joao/Desktop/FEUP/AEDA/TP10 - Disjoint Sets/build-dir/CMakeFiles/CMakeTmp'
Building C object CMakeFiles/cmTC_ac2af.dir/src.c.o
/usr/bin/cc   -DCMAKE_HAVE_LIBC_PTHREAD   -o CMakeFiles/cmTC_ac2af.dir/src.c.o   -c "/home/joao/Desktop/FEUP/AEDA/TP10 - Disjoint Sets/build-dir/CMakeFiles/CMakeTmp/src.c"
Linking C executable cmTC_ac2af
/usr/bin/cmake -E cmake_link_script CMakeFiles/cmTC_ac2af.dir/link.txt --verbose=1
/usr/bin/cc  -DCMAKE_HAVE_LIBC_PTHREAD    -rdynamic CMakeFiles/cmTC_ac2af.dir/src.c.o  -o cmTC_ac2af 
/usr/bin/ld: CMakeFiles/cmTC_ac2af.dir/src.c.o: in function `main':
src.c:(.text+0x3e): undefined reference to `pthread_create'
/usr/bin/ld: src.c:(.text+0x4a): undefined reference to `pthread_detach'
/usr/bin/ld: src.c:(.text+0x5b): undefined reference to `pthread_join'
collect2: error: ld returned 1 exit status
make[1]: *** [CMakeFiles/cmTC_ac2af.dir/build.make:87: cmTC_ac2af] Error 1
make[1]: Leaving directory '/home/joao/Desktop/FEUP/AEDA/TP10 - Disjoint Sets/build-dir/CMakeFiles/CMakeTmp'
make: *** [Makefile:121: cmTC_ac2af/fast] Error 2


Source file was:
#include <pthread.h>

void* test_func(void* data)
{
  return data;
}

int main(void)
{
  pthread_t thread;
  pthread_create(&thread, NULL, test_func, NULL);
  pthread_detach(thread);
  pthread_join(thread, NULL);
  pthread_atfork(NULL, NULL, NULL);
  pthread_exit(NULL);

  return 0;
}

Determining if the function pthread_create exists in the pthreads failed with the following output:
Change Dir: /home/joao/Desktop/FEUP/AEDA/TP10 - Disjoint Sets/build-dir/CMakeFiles/CMakeTmp

Run Build Command(s):/usr/bin/make cmTC_19edd/fast && /usr/bin/make -f CMakeFiles/cmTC_19edd.dir/build.make CMakeFiles/cmTC_19edd.dir/build
make[1]: Entering directory '/home/joao/Desktop/FEUP/AEDA/TP10 - Disjoint Sets/build-dir/CMakeFiles/CMakeTmp'
Building C object CMakeFiles/cmTC_19edd.dir/CheckFunctionExists.c.o
/usr/bin/cc   -DCHECK_FUNCTION_EXISTS=pthread_create   -o CMakeFiles/cmTC_19edd.dir/CheckFunctionExists.c.o   -c /usr/share/cmake-3.15/Modules/CheckFunctionExists.c
Linking C executable cmTC_19edd
/usr/bin/cmake -E cmake_link_script CMakeFiles/cmTC_19edd.dir/link.txt --verbose=1
/usr/bin/cc  -DCHECK_FUNCTION_EXISTS=pthread_create    -rdynamic CMakeFiles/cmTC_19edd.dir/CheckFunctionExists.c.o  -o cmTC_19edd -lpthreads 
/usr/bin/ld: cannot find -lpthreads
collect2: error: ld returned 1 exit status
make[1]: *** [CMakeFiles/cmTC_19edd.dir/build.make:87: cmTC_19edd] Error 1
make[1]: Leaving directory '/home/joao/Desktop/FEUP/AEDA/TP10 - Disjoint Sets/build-dir/CMakeFiles/CMakeTmp'
make: *** [Makefile:121: cmTC_19edd/fast] Error 2



